<?xml version="1.0" encoding="utf-8" standalone="yes"?>
<Events><Event xmlns='http://schemas.microsoft.com/win/2004/08/events/event'><System><Provider Name='ESENT'/><EventID Qualifiers='0'>428</EventID><Version>0</Version><Level>2</Level><Task>3</Task><Opcode>0</Opcode><Keywords>0x80000000000000</Keywords><TimeCreated SystemTime='2022-06-06T21:25:04.8907519Z'/><EventRecordID>78449</EventRecordID><Correlation/><Execution ProcessID='0' ThreadID='0'/><Channel>Application</Channel><Computer>MK7</Computer><Security/></System><EventData><Data>svchost</Data><Data>4476,D,0</Data><Data>SRUJet: </Data></EventData></Event><Event xmlns='http://schemas.microsoft.com/win/2004/08/events/event'><System><Provider Name='Windows Error Reporting'/><EventID Qualifiers='0'>1001</EventID><Version>0</Version><Level>4</Level><Task>0</Task><Opcode>0</Opcode><Keywords>0x80000000000000</Keywords><TimeCreated SystemTime='2022-06-06T21:24:20.4461358Z'/><EventRecordID>78448</EventRecordID><Correlation/><Execution ProcessID='0' ThreadID='0'/><Channel>Application</Channel><Computer>MK7</Computer><Security/></System><EventData><Data>1644405369424079841</Data><Data>5</Data><Data>RADAR_PRE_LEAK_64</Data><Data>Not available</Data><Data>0</Data><Data>mplab_ide64.exe</Data><Data>0.0.0.0</Data><Data>10.0.19043.2.0.0</Data><Data></Data><Data></Data><Data></Data><Data></Data><Data></Data><Data></Data><Data></Data><Data>
\\?\C:\Users\MK7\AppData\Local\Temp\RDR2D1.tmp\empty.txt
\\?\C:\ProgramData\Microsoft\Windows\WER\Temp\WER2F1.tmp.WERInternalMetadata.xml</Data><Data></Data><Data></Data><Data>0</Data><Data>ae4cc121-6ff9-4e6d-b857-cd5542886d72</Data><Data>268435456</Data><Data>97090093bc7fc19a56d219f897446be1</Data><Data>0</Data></EventData></Event><Event xmlns='http://schemas.microsoft.com/win/2004/08/events/event'><System><Provider Name='Application'/><EventID Qualifiers='0'>0</EventID><Version>0</Version><Level>3</Level><Task>0</Task><Opcode>0</Opcode><Keywords>0x80000000000000</Keywords><TimeCreated SystemTime='2022-06-06T21:23:30.2018501Z'/><EventRecordID>78447</EventRecordID><Correlation/><Execution ProcessID='0' ThreadID='0'/><Channel>Application</Channel><Computer>MK7</Computer><Security/></System><EventData><Data>HwTrayWnd OpenLoopBufEvent bufName:HwTrayWndBuffer_Recv</Data></EventData></Event></Events>